<?xml version="1.0" encoding="UTF-8"?>
<!-- Generated by org.testng.reporters.JUnitXMLReporter -->
<testsuite ignored="2" hostname="DESKTOP-OTGNRE8" failures="0" tests="2" name="Test_All" time="63.281" errors="0" timestamp="2024-01-24T13:04:10 IST">
  <testcase classname="com.Mohs10.TestScripts.Pharmacy_Superadmin" name="PharmacyLoginTestcase2" time="38.192"/>
  <testcase classname="com.Mohs10.Reports.PDFReportTest" name="PDFreports" time="21.017"/>
  <testcase classname="com.Mohs10.Base.StartBrowser" name="@BeforeSuite loadConfig" time="0.0">
    <ignored/>
  </testcase> <!-- @BeforeSuite loadConfig -->
  <testcase classname="com.Mohs10.Base.StartBrowser" name="@AfterSuite afterSuite" time="0.0">
    <ignored/>
  </testcase> <!-- @AfterSuite afterSuite -->
</testsuite> <!-- Test_All -->
