<?xml version="1.0" encoding="UTF-8"?>
<!-- Generated by org.testng.reporters.JUnitXMLReporter -->
<testsuite ignored="2" hostname="DESKTOP-OTGNRE8" failures="0" tests="2" name="Test_All" time="63.378" errors="0" timestamp="2024-01-05T18:32:30 IST">
  <testcase classname="com.Mohs10.TestScripts.Pharmacy_Superadmin" name="PharmacyLoginTestcase" time="33.62"/>
  <testcase classname="com.Mohs10.Reports.PDFReportTest" name="PDFreports" time="21.903"/>
  <testcase classname="com.Mohs10.Base.StartBrowser" name="@BeforeSuite loadConfig" time="0.0">
    <ignored/>
  </testcase> <!-- @BeforeSuite loadConfig -->
  <testcase classname="com.Mohs10.Base.StartBrowser" name="@AfterSuite afterSuite" time="0.0">
    <ignored/>
  </testcase> <!-- @AfterSuite afterSuite -->
</testsuite> <!-- Test_All -->
