<?xml version="1.0" encoding="UTF-8"?>
<testng-results ignored="2" total="4" passed="2" failed="0" skipped="0">
  <reporter-output>
  </reporter-output>
  <suite started-at="2024-01-24T13:03:07 IST" name="Suite" finished-at="2024-01-24T13:04:10 IST" duration-ms="63281">
    <groups>
    </groups>
    <test started-at="2024-01-24T13:03:07 IST" name="Test_All" finished-at="2024-01-24T13:04:10 IST" duration-ms="63281">
      <class name="com.Mohs10.Reports.PDFReportTest">
        <test-method is-config="true" signature="beforeClass()[pri:0, instance:com.Mohs10.Reports.PDFReportTest@28701274]" started-at="2024-01-24T13:03:47 IST" name="beforeClass" finished-at="2024-01-24T13:03:49 IST" duration-ms="1252" status="PASS">
          <reporter-output>
          </reporter-output>
        </test-method> <!-- beforeClass -->
        <test-method is-config="true" signature="methodName(java.lang.reflect.Method)[pri:0, instance:com.Mohs10.Reports.PDFReportTest@28701274]" started-at="2024-01-24T13:03:49 IST" name="methodName" finished-at="2024-01-24T13:03:49 IST" duration-ms="2" status="PASS">
          <params>
            <param index="0">
              <value>
                <![CDATA[public void com.Mohs10.Reports.PDFReportTest.PDFreports() throws java.io.IOException]]>
              </value>
            </param>
          </params>
          <reporter-output>
          </reporter-output>
        </test-method> <!-- methodName -->
        <test-method signature="PDFreports()[pri:0, instance:com.Mohs10.Reports.PDFReportTest@28701274]" started-at="2024-01-24T13:03:49 IST" name="PDFreports" finished-at="2024-01-24T13:04:10 IST" duration-ms="21017" status="PASS">
          <reporter-output>
          </reporter-output>
        </test-method> <!-- PDFreports -->
        <test-method is-config="true" signature="afterClass()[pri:0, instance:com.Mohs10.Reports.PDFReportTest@28701274]" started-at="2024-01-24T13:04:10 IST" name="afterClass" finished-at="2024-01-24T13:04:10 IST" duration-ms="314" status="PASS">
          <reporter-output>
          </reporter-output>
        </test-method> <!-- afterClass -->
      </class> <!-- com.Mohs10.Reports.PDFReportTest -->
      <class name="com.Mohs10.TestScripts.Pharmacy_Superadmin">
        <test-method is-config="true" signature="loadConfig()[pri:0, instance:com.Mohs10.TestScripts.Pharmacy_Superadmin@397fbdb]" started-at="2024-01-24T13:03:06 IST" name="loadConfig" finished-at="2024-01-24T13:03:07 IST" duration-ms="646" status="PASS">
          <reporter-output>
          </reporter-output>
        </test-method> <!-- loadConfig -->
        <test-method is-config="true" signature="beforeClass()[pri:0, instance:com.Mohs10.TestScripts.Pharmacy_Superadmin@397fbdb]" started-at="2024-01-24T13:03:07 IST" name="beforeClass" finished-at="2024-01-24T13:03:09 IST" duration-ms="1948" status="PASS">
          <reporter-output>
          </reporter-output>
        </test-method> <!-- beforeClass -->
        <test-method is-config="true" signature="methodName(java.lang.reflect.Method)[pri:0, instance:com.Mohs10.TestScripts.Pharmacy_Superadmin@397fbdb]" started-at="2024-01-24T13:03:09 IST" name="methodName" finished-at="2024-01-24T13:03:09 IST" duration-ms="18" status="PASS">
          <params>
            <param index="0">
              <value>
                <![CDATA[public void com.Mohs10.TestScripts.Pharmacy_Superadmin.PharmacyLoginTestcase2() throws java.lang.Exception]]>
              </value>
            </param>
          </params>
          <reporter-output>
          </reporter-output>
        </test-method> <!-- methodName -->
        <test-method signature="PharmacyLoginTestcase2()[pri:2, instance:com.Mohs10.TestScripts.Pharmacy_Superadmin@397fbdb]" started-at="2024-01-24T13:03:09 IST" name="PharmacyLoginTestcase2" description="Register Test" finished-at="2024-01-24T13:03:47 IST" duration-ms="38192" status="PASS">
          <reporter-output>
          </reporter-output>
        </test-method> <!-- PharmacyLoginTestcase2 -->
        <test-method is-config="true" signature="afterClass()[pri:0, instance:com.Mohs10.TestScripts.Pharmacy_Superadmin@397fbdb]" started-at="2024-01-24T13:03:47 IST" name="afterClass" finished-at="2024-01-24T13:03:47 IST" duration-ms="306" status="PASS">
          <reporter-output>
          </reporter-output>
        </test-method> <!-- afterClass -->
        <test-method is-config="true" signature="afterSuite()[pri:0, instance:com.Mohs10.TestScripts.Pharmacy_Superadmin@397fbdb]" started-at="2024-01-24T13:04:11 IST" name="afterSuite" finished-at="2024-01-24T13:04:11 IST" duration-ms="42" status="PASS">
          <reporter-output>
          </reporter-output>
        </test-method> <!-- afterSuite -->
      </class> <!-- com.Mohs10.TestScripts.Pharmacy_Superadmin -->
    </test> <!-- Test_All -->
  </suite> <!-- Suite -->
</testng-results>
